<?xml version="1.0" encoding="UTF-8"?>
<testsuite name="com.example.rentalService.RentalServiceApplicationTests" tests="1" skipped="0" failures="0" errors="0" timestamp="2025-01-17T10:54:44" hostname="DESKTOP-3CU9N8P" time="1.376">
  <properties/>
  <testcase name="contextLoads()" classname="com.example.rentalService.RentalServiceApplicationTests" time="1.376"/>
  <system-out><![CDATA[11:54:41.743 [Test worker] INFO org.springframework.test.context.support.AnnotationConfigContextLoaderUtils -- Could not detect default configuration classes for test class [com.example.rentalService.RentalServiceApplicationTests]: RentalServiceApplicationTests does not declare any static, non-private, non-final, nested classes annotated with @Configuration.
11:54:41.946 [Test worker] INFO org.springframework.boot.test.context.SpringBootTestContextBootstrapper -- Found @SpringBootConfiguration com.example.rentalService.RentalServiceApplication for test class com.example.rentalService.RentalServiceApplicationTests

  .   ____          _            __ _ _
 /\\ / ___'_ __ _ _(_)_ __  __ _ \ \ \ \
( ( )\___ | '_ | '_| | '_ \/ _` | \ \ \ \
 \\/  ___)| |_)| | | | | || (_| |  ) ) ) )
  '  |____| .__|_| |_|_| |_\__, | / / / /
 =========|_|==============|___/=/_/_/_/

 :: Spring Boot ::                (v3.4.1)

2025-01-17T11:54:42.766+01:00  INFO 14236 --- [rentalService] [    Test worker] c.e.r.RentalServiceApplicationTests      : Starting RentalServiceApplicationTests using Java 17.0.12 with PID 14236 (started by InFoPro in C:\Users\InFoPro\Downloads\mlsdAmsd-main\mlsdAmsd-main\rentalService)
2025-01-17T11:54:42.778+01:00  INFO 14236 --- [rentalService] [    Test worker] c.e.r.RentalServiceApplicationTests      : No active profile set, falling back to 1 default profile: "default"
2025-01-17T11:54:44.629+01:00  INFO 14236 --- [rentalService] [    Test worker] c.e.r.RentalServiceApplicationTests      : Started RentalServiceApplicationTests in 2.316 seconds (process running for 4.315)
]]></system-out>
  <system-err><![CDATA[]]></system-err>
</testsuite>
